000001 00001000 E98621F3F473BB227E2898E7C906F805 0000   0=00000000  1=00000001  2=00000000  3=00000000 
        4=00000000  5=00000000  6=00000000  7=00000000  8=00000000  9=00000000 
       10=00000000 11=00000000 12=00000000 13=00007000 14=00000000 
000002 00001004 E98621F3F473BB227E2898E7C906F805 0000   0=00000000  1=00000001  2=00000002  3=00000000 
        4=00000000  5=00000000  6=00000000  7=00000000  8=00000000  9=00000000 
       10=00000000 11=00000000 12=00000000 13=00007000 14=00000000 
000003 00001008 E98621F3F473BB227E2898E7C906F805 0000   0=00000000  1=00000001  2=00000002  3=00000000 
        4=00000004  5=00000000  6=00000000  7=00000000  8=00000000  9=00000000 
       10=00000000 11=00000000 12=00000000 13=00007000 14=00000000 
000004 0000100C FE5202FC751D6C18BCE98E53F4A41A6B 0000   0=00000000  1=00000001  2=00000002  3=00000000 
        4=00000004  5=00000000  6=00000000  7=00000000  8=00000000  9=00000000 
       10=00000000 11=00000000 12=00000000 13=00006FF4 14=00000000 
000005 00001010 FE5202FC751D6C18BCE98E53F4A41A6B 0000   0=00000000  1=0000000A  2=00000002  3=00000000 
        4=00000004  5=00000000  6=00000000  7=00000000  8=00000000  9=00000000 
       10=00000000 11=00000000 12=00000000 13=00006FF4 14=00000000 
000006 00001014 FE5202FC751D6C18BCE98E53F4A41A6B 0000   0=00000000  1=0000000A  2=00000002  3=0000001E 
        4=00000004  5=00000000  6=00000000  7=00000000  8=00000000  9=00000000 
       10=00000000 11=00000000 12=00000000 13=00006FF4 14=00000000 
000007 00001018 F2DF243EEBB00987EA451FFD871D334D 0000   0=00000000  1=0000000A  2=00000002  3=0000001E 
        4=00000004  5=00000000  6=00000000  7=00000000  8=00000000  9=00000000 
       10=00000000 11=00000000 12=00000000 13=00006FEC 14=00000000 
000008 0000101C F2DF243EEBB00987EA451FFD871D334D 0000   0=00000000  1=00000000  2=00000002  3=0000001E 
        4=00000004  5=00000000  6=00000000  7=00000000  8=00000000  9=00000000 
       10=00000000 11=00000000 12=00000000 13=00006FEC 14=00000000 
000009 00001020 F2DF243EEBB00987EA451FFD871D334D 0000   0=00000000  1=00000000  2=00000002  3=00000000 
        4=00000004  5=00000000  6=00000000  7=00000000  8=00000000  9=00000000 
       10=00000000 11=00000000 12=00000000 13=00006FEC 14=00000000 
000010 00001024 F2DF243EEBB00987EA451FFD871D334D 0000   0=00000000  1=0000000A  2=00000002  3=0000001E 
        4=00000004  5=00000000  6=00000000  7=00000000  8=00000000  9=00000000 
       10=00000000 11=00000000 12=00000000 13=00006FF4 14=00000000 
000011 00001028 F2DF243EEBB00987EA451FFD871D334D 0000   0=00000000  1=00000001  2=00000002  3=0000001E 
        4=00000004  5=00000000  6=00000000  7=00000000  8=00000000  9=00000000 
       10=00000000 11=00000000 12=00000000 13=00007000 14=00000000 
000012 0000102C F2DF243EEBB00987EA451FFD871D334D 0000   0=00000000  1=00000001  2=00000002  3=0000001E 
        4=00000004  5=00000000  6=00000000  7=00000000  8=00000000  9=00000000 
       10=00000000 11=00000000 12=00000000 13=00007000 14=00000000 
