000001 00001000 [sys] 0000 0=00000000 1=00000000 2=00000000 3=00000000
	4=00000000  5=00000000  6=00000000  7=00000000  8=00000000 9=00000000
	10=00000000 11=00000000 12=00000000 13=00007000 14=00000000
000002 00001004 [sys] 0000 0=00000000 1=00000000 2=00000000 3=00000000
	4=00000000  5=00000000  6=00000000  7=00000000  8=00000000 9=00000000
	10=00000000 11=00000000 12=00000000 13=00007000 14=00000000
000003 00001008 [sys] 0000 0=00000000 1=00000001 2=00000000 3=00000000
	4=00000000  5=00000000  6=00000000  7=00000000  8=00000000 9=00000000
	10=00000000 11=00000000 12=00000000 13=00007000 14=00000000
000004 0000100C [sys] 0000 0=00000000 1=00000001 2=00000000 3=00000000
	4=00000000  5=00000000  6=00000000  7=00000000  8=00000000 9=00000000
	10=00000000 11=00000000 12=00000000 13=00007000 14=00000000
000005 00001014 [sys] 0110 0=00000000 1=00000001 2=00000000 3=00000000
	4=00000000  5=00000000  6=00000000  7=00000000  8=00000000 9=00000000
	10=00000000 11=00000000 12=00000000 13=00007000 14=00000000
000006 00001018 [sys] 0110 0=00000000 1=00000001 2=00000000 3=00000000
	4=00000000  5=00000000  6=00000000  7=00000000  8=00000000 9=00000000
	10=00000000 11=00000000 12=00000000 13=00007000 14=00000000
000007 00001020 [sys] 1000 0=00000000 1=00000001 2=00000000 3=00000000
	4=00000000  5=00000000  6=00000000  7=00000000  8=00000000 9=00000000
	10=00000000 11=00000000 12=00000000 13=00007000 14=00000000
000008 00001024 [sys] 1000 0=00000000 1=00000001 2=00000000 3=00000000
	4=00000000  5=00000000  6=00000000  7=00000000  8=00000000 9=00000000
	10=00000000 11=00000000 12=00000000 13=00007000 14=00000000
000009 00001028 [sys] 1000 0=00000000 1=00000001 2=00000000 3=00000000
	4=00000000  5=00000001  6=00000000  7=00000000  8=00000000 9=00000000
	10=00000000 11=00000000 12=00000000 13=00007000 14=00000000
000010 0000102C [sys] 0110 0=00000000 1=00000001 2=00000000 3=00000000
	4=00000000  5=00000001  6=00000000  7=00000000  8=00000000 9=00000000
	10=00000000 11=00000000 12=00000000 13=00007000 14=00000000
000011 00001030 [sys] 0110 0=00000000 1=00000001 2=00000000 3=00000000
	4=00000000  5=00000001  6=00000000  7=00000000  8=00000000 9=00000000
	10=00000000 11=00000000 12=00000000 13=00007000 14=00000000
000012 00001034 [sys] 0110 0=00000000 1=00000001 2=00000000 3=00000000
	4=00000000  5=00000002  6=00000000  7=00000000  8=00000000 9=00000000
	10=00000000 11=00000000 12=00000000 13=00007000 14=00000000
000013 00001038 [sys] 1000 0=00000000 1=00000001 2=00000000 3=00000000
	4=00000000  5=00000002  6=00000000  7=00000000  8=00000000 9=00000000
	10=00000000 11=00000000 12=00000000 13=00007000 14=00000000
000014 0000103C [sys] 1000 0=00000000 1=00000001 2=00000000 3=00000000
	4=00000000  5=00000002  6=00000000  7=00000000  8=00000000 9=00000000
	10=00000000 11=00000000 12=00000000 13=00007000 14=00000000
000015 00001044 [sys] 1000 0=00000005 1=00000001 2=00000000 3=00000000
	4=00000000  5=00000002  6=00000000  7=00000000  8=00000000 9=00000000
	10=00000000 11=00000000 12=00000000 13=00007000 14=00000000
000016 00001048 [sys] 0010 0=00000005 1=00000001 2=00000000 3=00000000
	4=00000000  5=00000002  6=00000000  7=00000000  8=00000000 9=00000000
	10=00000000 11=00000000 12=00000000 13=00007000 14=00000000
000017 0000104C [sys] 0010 0=00000005 1=00000001 2=00000000 3=00000000
	4=00000000  5=00000002  6=00000000  7=00000000  8=00000000 9=00000000
	10=00000000 11=00000000 12=00000000 13=00007000 14=00000000
000018 00001054 [sys] 0000 0=00000005 1=00000001 2=00000000 3=00000000
	4=00000000  5=00000002  6=00000000  7=00000000  8=00000000 9=00000000
	10=00000000 11=00000000 12=00000000 13=00007000 14=00000000
000019 00001058 [sys] 0000 0=00000005 1=00000001 2=00000000 3=00000000
	4=00000000  5=00000002  6=00000000  7=00000000  8=00000000 9=00000000
	10=00000000 11=00000000 12=00000000 13=00007000 14=00000000
000020 0000105C [sys] 0000 0=00000005 1=00000001 2=00000000 3=00000000
	4=00000000  5=00000003  6=00000000  7=00000000  8=00000000 9=00000000
	10=00000000 11=00000000 12=00000000 13=00007000 14=00000000
000021 00001060 [sys] 0010 0=00000005 1=00000001 2=00000000 3=00000000
	4=00000000  5=00000003  6=00000000  7=00000000  8=00000000 9=00000000
	10=00000000 11=00000000 12=00000000 13=00007000 14=00000000
000022 00001064 [sys] 0010 0=00000005 1=00000001 2=00000000 3=00000000
	4=00000000  5=00000003  6=00000000  7=00000000  8=00000000 9=00000000
	10=00000000 11=00000000 12=00000000 13=00007000 14=00000000
000023 00001068 [sys] 0010 0=00000005 1=00000001 2=00000000 3=00000000
	4=00000000  5=00000004  6=00000000  7=00000000  8=00000000 9=00000000
	10=00000000 11=00000000 12=00000000 13=00007000 14=00000000
000024 0000106C [sys] 0000 0=00000005 1=00000001 2=00000000 3=00000000
	4=00000000  5=00000004  6=00000000  7=00000000  8=00000000 9=00000000
	10=00000000 11=00000000 12=00000000 13=00007000 14=00000000
000025 00001070 [sys] 0000 0=00000005 1=00000001 2=00000000 3=00000000
	4=00000000  5=00000004  6=00000000  7=00000000  8=00000000 9=00000000
	10=00000000 11=00000000 12=00000000 13=00007000 14=00000000
000026 00001078 [sys] 1000 0=00000005 1=00000001 2=00000000 3=00000000
	4=00000000  5=00000004  6=00000000  7=00000000  8=00000000 9=00000000
	10=00000000 11=00000000 12=00000000 13=00007000 14=00000000
000027 0000107C [sys] 1000 0=00000005 1=00000001 2=00000000 3=00000000
	4=00000000  5=00000004  6=00000000  7=00000000  8=00000000 9=00000000
	10=00000000 11=00000000 12=00000000 13=00007000 14=00000000
000028 00001084 [sys] 0010 0=00000005 1=00000001 2=00000000 3=00000000
	4=00000000  5=00000004  6=00000000  7=00000000  8=00000000 9=00000000
	10=00000000 11=00000000 12=00000000 13=00007000 14=00000000
000029 00001088 [sys] 0010 0=00000005 1=00000001 2=00000000 3=00000000
	4=00000000  5=00000004  6=00000000  7=00000000  8=00000000 9=00000000
	10=00000000 11=00000000 12=00000000 13=00007000 14=00000000
000030 0000108C [sys] 0010 0=00000005 1=00000001 2=00000000 3=00000000
	4=00000000  5=00000005  6=00000000  7=00000000  8=00000000 9=00000000
	10=00000000 11=00000000 12=00000000 13=00007000 14=00000000
000031 00001090 [sys] 1000 0=00000005 1=00000001 2=00000000 3=00000000
	4=00000000  5=00000005  6=00000000  7=00000000  8=00000000 9=00000000
	10=00000000 11=00000000 12=00000000 13=00007000 14=00000000
000032 00001094 [sys] 1000 0=00000005 1=00000001 2=00000000 3=00000000
	4=00000000  5=00000005  6=00000000  7=00000000  8=00000000 9=00000000
	10=00000000 11=00000000 12=00000000 13=00007000 14=00000000
000033 00001098 [sys] 1000 0=00000005 1=00000001 2=00000000 3=00000000
	4=00000000  5=00000006  6=00000000  7=00000000  8=00000000 9=00000000
	10=00000000 11=00000000 12=00000000 13=00007000 14=00000000
000034 0000109C [sys] 0010 0=00000005 1=00000001 2=00000000 3=00000000
	4=00000000  5=00000006  6=00000000  7=00000000  8=00000000 9=00000000
	10=00000000 11=00000000 12=00000000 13=00007000 14=00000000
000035 000010A0 [sys] 0010 0=00000005 1=00000001 2=00000000 3=00000000
	4=00000000  5=00000006  6=00000000  7=00000000  8=00000000 9=00000000
	10=00000000 11=00000000 12=00000000 13=00007000 14=00000000
000036 000010A8 [sys] 0010 0=00000005 1=00000001 2=80000001 3=00000000
	4=00000000  5=00000006  6=00000000  7=00000000  8=00000000 9=00000000
	10=00000000 11=00000000 12=00000000 13=00007000 14=00000000
000037 000010AC [sys] 0010 0=00000005 1=00000001 2=80000001 3=00000000
	4=00000000  5=00000006  6=00000000  7=00000000  8=00000000 9=00000000
	10=00000000 11=00000000 12=00000000 13=00007000 14=00000000
000038 000010B0 [sys] 0010 0=00000005 1=00000001 2=80000001 3=00000000
	4=00000000  5=00000006  6=00000000  7=00000000  8=00000000 9=00000000
	10=00000000 11=00000000 12=00000000 13=00007000 14=00000000
000039 000010B4 [sys] 0010 0=00000005 1=00000001 2=80000001 3=00000000
	4=00000000  5=00000007  6=00000000  7=00000000  8=00000000 9=00000000
	10=00000000 11=00000000 12=00000000 13=00007000 14=00000000
000040 000010B8 [sys] 1001 0=00000005 1=00000001 2=80000001 3=00000000
	4=00000000  5=00000007  6=00000000  7=00000000  8=00000000 9=00000000
	10=00000000 11=00000000 12=00000000 13=00007000 14=00000000
000041 000010BC [sys] 1001 0=00000005 1=00000001 2=80000001 3=00000000
	4=00000000  5=00000007  6=00000000  7=00000000  8=00000000 9=00000000
	10=00000000 11=00000000 12=00000000 13=00007000 14=00000000
000042 000010C4 [sys] 0010 0=00000005 1=00000001 2=80000001 3=00000000
	4=00000000  5=00000007  6=00000000  7=00000000  8=00000000 9=00000000
	10=00000000 11=00000000 12=00000000 13=00007000 14=00000000
000043 000010C8 [sys] 0010 0=00000005 1=00000001 2=80000001 3=00000000
	4=00000000  5=00000007  6=00000000  7=00000000  8=00000000 9=00000000
	10=00000000 11=00000000 12=00000000 13=00007000 14=00000000
000044 000010D0 [sys] 1001 0=00000005 1=00000001 2=80000001 3=00000000
	4=00000000  5=00000007  6=00000000  7=00000000  8=00000000 9=00000000
	10=00000000 11=00000000 12=00000000 13=00007000 14=00000000
000045 000010D4 [sys] 1001 0=00000005 1=00000001 2=80000001 3=00000000
	4=00000000  5=00000007  6=00000000  7=00000000  8=00000000 9=00000000
	10=00000000 11=00000000 12=00000000 13=00007000 14=00000000
000046 000010D8 [sys] 1001 0=00000005 1=00000001 2=80000001 3=00000000
	4=00000000  5=00000008  6=00000000  7=00000000  8=00000000 9=00000000
	10=00000000 11=00000000 12=00000000 13=00007000 14=00000000
000047 000010DC [sys] 0010 0=00000005 1=00000001 2=80000001 3=00000000
	4=00000000  5=00000008  6=00000000  7=00000000  8=00000000 9=00000000
	10=00000000 11=00000000 12=00000000 13=00007000 14=00000000
000048 000010E0 [sys] 0010 0=00000005 1=00000001 2=80000001 3=00000000
	4=00000000  5=00000008  6=00000000  7=00000000  8=00000000 9=00000000
	10=00000000 11=00000000 12=00000000 13=00007000 14=00000000
000049 000010E8 [sys] 0110 0=00000005 1=00000001 2=80000001 3=00000000
	4=00000000  5=00000008  6=00000000  7=00000000  8=00000000 9=00000000
	10=00000000 11=00000000 12=00000000 13=00007000 14=00000000
000050 000010EC [sys] 0110 0=00000005 1=00000001 2=80000001 3=00000000
	4=00000000  5=00000008  6=00000000  7=00000000  8=00000000 9=00000000
	10=00000000 11=00000000 12=00000000 13=00007000 14=00000000
000051 000010F0 [sys] 0110 0=00000005 1=00000001 2=80000001 3=00000000
	4=00000000  5=00000009  6=00000000  7=00000000  8=00000000 9=00000000
	10=00000000 11=00000000 12=00000000 13=00007000 14=00000000
000052 000010F4 [sys] 0010 0=00000005 1=00000001 2=80000001 3=00000000
	4=00000000  5=00000009  6=00000000  7=00000000  8=00000000 9=00000000
	10=00000000 11=00000000 12=00000000 13=00007000 14=00000000
000053 000010F8 [sys] 0010 0=00000005 1=00000001 2=80000001 3=00000000
	4=00000000  5=00000009  6=00000000  7=00000000  8=00000000 9=00000000
	10=00000000 11=00000000 12=00000000 13=00007000 14=00000000
000054 000010FC [sys] 0010 0=00000005 1=00000001 2=80000001 3=00000000
	4=00000000  5=0000000A  6=00000000  7=00000000  8=00000000 9=00000000
	10=00000000 11=00000000 12=00000000 13=00007000 14=00000000
000055 00001100 [sys] 0110 0=00000005 1=00000001 2=80000001 3=00000000
	4=00000000  5=0000000A  6=00000000  7=00000000  8=00000000 9=00000000
	10=00000000 11=00000000 12=00000000 13=00007000 14=00000000
000056 00001104 [sys] 0110 0=00000005 1=00000001 2=80000001 3=00000000
	4=00000000  5=0000000A  6=00000000  7=00000000  8=00000000 9=00000000
	10=00000000 11=00000000 12=00000000 13=00007000 14=00000000
000057 0000110C [sys] 0010 0=00000005 1=00000001 2=80000001 3=00000000
	4=00000000  5=0000000A  6=00000000  7=00000000  8=00000000 9=00000000
	10=00000000 11=00000000 12=00000000 13=00007000 14=00000000
000058 00001110 [sys] 0010 0=00000005 1=00000001 2=80000001 3=00000000
	4=00000000  5=0000000A  6=00000000  7=00000000  8=00000000 9=00000000
	10=00000000 11=00000000 12=00000000 13=00007000 14=00000000
000059 00001118 [sys] 1000 0=00000005 1=00000001 2=80000001 3=00000000
	4=00000000  5=0000000A  6=00000000  7=00000000  8=00000000 9=00000000
	10=00000000 11=00000000 12=00000000 13=00007000 14=00000000
000060 0000111C [sys] 1000 0=00000005 1=00000001 2=80000001 3=00000000
	4=00000000  5=0000000A  6=00000000  7=00000000  8=00000000 9=00000000
	10=00000000 11=00000000 12=00000000 13=00007000 14=00000000
000061 00001120 [sys] 1000 0=00000005 1=00000001 2=80000001 3=00000000
	4=00000000  5=0000000B  6=00000000  7=00000000  8=00000000 9=00000000
	10=00000000 11=00000000 12=00000000 13=00007000 14=00000000
000062 00001124 [sys] 1000 0=00000005 1=00000001 2=80000001 3=00000000
	4=00000000  5=0000000B  6=00000000  7=00000000  8=00000000 9=00000000
	10=00000000 11=00000000 12=00000000 13=00007000 14=00000000
000063 00001128 [sys] 1000 0=00000005 1=00000001 2=80000001 3=00000000
	4=00000000  5=0000000B  6=00000000  7=00000000  8=00000000 9=00000000
	10=00000000 11=00000000 12=00000000 13=00007000 14=00000000
000064 00001130 [sys] 0010 0=00000005 1=00000001 2=80000001 3=00000000
	4=00000000  5=0000000B  6=00000000  7=00000000  8=00000000 9=00000000
	10=00000000 11=00000000 12=00000000 13=00007000 14=00000000
000065 00001134 [sys] 0010 0=00000005 1=00000001 2=80000001 3=00000000
	4=00000000  5=0000000B  6=00000000  7=00000000  8=00000000 9=00000000
	10=00000000 11=00000000 12=00000000 13=00007000 14=00000000
000066 00001138 [sys] 0010 0=00000005 1=00000001 2=80000001 3=00000000
	4=00000000  5=0000000C  6=00000000  7=00000000  8=00000000 9=00000000
	10=00000000 11=00000000 12=00000000 13=00007000 14=00000000
000067 0000113C [sys] 0010 0=00000005 1=00000001 2=80000001 3=00000000
	4=00000000  5=0000000C  6=00000000  7=00000000  8=00000000 9=00000000
	10=00000000 11=00000000 12=00000000 13=00007000 14=00000000
000068 00001140 [sys] 0010 0=00000005 1=00000001 2=80000001 3=00000000
	4=00000000  5=0000000C  6=00000000  7=00000000  8=00000000 9=00000000
	10=00000000 11=00000000 12=00000000 13=00007000 14=00000000
000069 00001148 [sys] 0110 0=00000005 1=00000001 2=80000001 3=00000000
	4=00000000  5=0000000C  6=00000000  7=00000000  8=00000000 9=00000000
	10=00000000 11=00000000 12=00000000 13=00007000 14=00000000
000070 0000114C [sys] 0110 0=00000005 1=00000001 2=80000001 3=00000000
	4=00000000  5=0000000C  6=00000000  7=00000000  8=00000000 9=00000000
	10=00000000 11=00000000 12=00000000 13=00007000 14=00000000
000071 00001150 [sys] 0110 0=00000005 1=00000001 2=80000001 3=00000000
	4=00000000  5=0000000D  6=00000000  7=00000000  8=00000000 9=00000000
	10=00000000 11=00000000 12=00000000 13=00007000 14=00000000
000072 00001154 [sys] 0010 0=00000005 1=00000001 2=80000001 3=00000000
	4=00000000  5=0000000D  6=00000000  7=00000000  8=00000000 9=00000000
	10=00000000 11=00000000 12=00000000 13=00007000 14=00000000
000073 00001158 [sys] 0010 0=00000005 1=00000001 2=80000001 3=00000000
	4=00000000  5=0000000D  6=00000000  7=00000000  8=00000000 9=00000000
	10=00000000 11=00000000 12=00000000 13=00007000 14=00000000
000074 0000115C [sys] 0010 0=00000005 1=00000001 2=80000001 3=00000000
	4=00000000  5=0000000E  6=00000000  7=00000000  8=00000000 9=00000000
	10=00000000 11=00000000 12=00000000 13=00007000 14=00000000
000075 00001160 [sys] 0110 0=00000005 1=00000001 2=80000001 3=00000000
	4=00000000  5=0000000E  6=00000000  7=00000000  8=00000000 9=00000000
	10=00000000 11=00000000 12=00000000 13=00007000 14=00000000
000076 00001164 [sys] 0110 0=00000005 1=00000001 2=80000001 3=00000000
	4=00000000  5=0000000E  6=00000000  7=00000000  8=00000000 9=00000000
	10=00000000 11=00000000 12=00000000 13=00007000 14=00000000
000077 0000116C [sys] 0110 0=00000005 1=00000001 2=80000001 3=00000000
	4=00000000  5=0000000E  6=00000000  7=00000000  8=00000000 9=00000000
	10=00000000 11=00000000 12=00000000 13=00007000 14=00001170
000078 00001174 [sys] 0110 0=00000005 1=00000001 2=80000001 3=00000000
	4=00000000  5=0000000E  6=00000000  7=00000000  8=00000000 9=00000000
	10=00000000 11=00000000 12=00000000 13=00007000 14=00001170
000079 00001170 [sys] 0110 0=00000005 1=00000001 2=80000001 3=00000000
	4=00000000  5=0000000E  6=00000000  7=00000000  8=00000000 9=00000000
	10=00000000 11=00000000 12=00000000 13=00007000 14=00001170
