000001 00001000 [sys] 0000 0=00000005 1=00000000 2=00000000 3=00000000
	4=00000000  5=00000000  6=00000000  7=00000000  8=00000000 9=00000000
	10=00000000 11=00000000 12=00000000 13=00007000 14=00000000
000002 00001004 [sys] 0010 0=00000005 1=00000000 2=00000000 3=00000000
	4=00000000  5=00000000  6=00000000  7=00000000  8=00000000 9=00000000
	10=00000000 11=00000000 12=00000000 13=00007000 14=00000000
000003 00001008 [sys] 0000 0=00000005 1=00000000 2=00000000 3=00000000
	4=00000000  5=00000000  6=00000000  7=00000000  8=00000000 9=00000000
	10=00000000 11=00000000 12=00000000 13=00007000 14=00000000
000004 0000100C [sys] 1000 0=00000005 1=00000000 2=00000000 3=00000000
	4=00000000  5=00000000  6=00000000  7=00000000  8=00000000 9=00000000
	10=00000000 11=00000000 12=00000000 13=00007000 14=00000000
000005 00001010 [sys] 1000 0=00000005 1=00000000 2=00000000 3=00000000
	4=00000000  5=00000000  6=00000000  7=00000000  8=00000000 9=00000000
	10=00000000 11=00000000 12=00000000 13=00007000 14=00000000
000006 00001014 [sys] 1000 0=FE000000 1=00000000 2=00000000 3=00000000
	4=00000000  5=00000000  6=00000000  7=00000000  8=00000000 9=00000000
	10=00000000 11=00000000 12=00000000 13=00007000 14=00000000
000007 00001018 [sys] 1010 0=FE000000 1=00000000 2=00000000 3=00000000
	4=00000000  5=00000000  6=00000000  7=00000000  8=00000000 9=00000000
	10=00000000 11=00000000 12=00000000 13=00007000 14=00000000
000008 0000101C [sys] 1000 0=FE000000 1=00000000 2=00000000 3=00000000
	4=00000000  5=00000000  6=00000000  7=00000000  8=00000000 9=00000000
	10=00000000 11=00000000 12=00000000 13=00007000 14=00000000
000009 00001020 [sys] 1000 0=00000005 1=00000000 2=00000000 3=00000000
	4=00000000  5=00000000  6=00000000  7=00000000  8=00000000 9=00000000
	10=00000000 11=00000000 12=00000000 13=00007000 14=00000000
000010 00001024 [sys] 1000 0=00000005 1=FFFFFFFD 2=00000000 3=00000000
	4=00000000  5=00000000  6=00000000  7=00000000  8=00000000 9=00000000
	10=00000000 11=00000000 12=00000000 13=00007000 14=00000000
000011 00001028 [sys] 1000 0=00000005 1=FFFFFFFD 2=80000001 3=00000000
	4=00000000  5=00000000  6=00000000  7=00000000  8=00000000 9=00000000
	10=00000000 11=00000000 12=00000000 13=00007000 14=00000000
000012 0000102C [sys] 1000 0=00000005 1=FFFFFFFD 2=80000001 3=FFFFFFFC
	4=00000000  5=00000000  6=00000000  7=00000000  8=00000000 9=00000000
	10=00000000 11=00000000 12=00000000 13=00007000 14=00000000
000013 00001030 [sys] 0010 0=00000005 1=FFFFFFFD 2=80000001 3=FFFFFFFC
	4=00000000  5=00000000  6=00000000  7=00000000  8=00000000 9=00000000
	10=00000000 11=00000000 12=00000000 13=00007000 14=00000000
000014 00001034 [sys] 1000 0=00000005 1=FFFFFFFD 2=80000001 3=FFFFFFFC
	4=00000000  5=00000000  6=00000000  7=00000000  8=00000000 9=00000000
	10=00000000 11=00000000 12=00000000 13=00007000 14=00000000
000015 00001038 [sys] 0000 0=00000005 1=FFFFFFFD 2=80000001 3=FFFFFFFC
	4=00000000  5=00000000  6=00000000  7=00000000  8=00000000 9=00000000
	10=00000000 11=00000000 12=00000000 13=00007000 14=00000000
000016 0000103C [sys] 1001 0=00000005 1=FFFFFFFD 2=80000001 3=FFFFFFFC
	4=00000000  5=00000000  6=00000000  7=00000000  8=00000000 9=00000000
	10=00000000 11=00000000 12=00000000 13=00007000 14=00000000
000017 00001040 [sys] 0011 0=00000005 1=FFFFFFFD 2=80000001 3=FFFFFFFC
	4=00000000  5=00000000  6=00000000  7=00000000  8=00000000 9=00000000
	10=00000000 11=00000000 12=00000000 13=00007000 14=00000000
000018 00001044 [sys] 1010 0=00000005 1=FFFFFFFD 2=80000001 3=FFFFFFFC
	4=00000000  5=00000000  6=00000000  7=00000000  8=00000000 9=00000000
	10=00000000 11=00000000 12=00000000 13=00007000 14=00000000
000019 00001048 [sys] 0010 0=00000005 1=FFFFFFFD 2=80000001 3=FFFFFFFC
	4=00000000  5=00000000  6=00000000  7=00000000  8=00000000 9=00000000
	10=00000000 11=00000000 12=00000000 13=00007000 14=00000000
000020 0000104C [sys] 1000 0=00000005 1=FFFFFFFD 2=80000001 3=FFFFFFFC
	4=00000000  5=00000000  6=00000000  7=00000000  8=00000000 9=00000000
	10=00000000 11=00000000 12=00000000 13=00007000 14=00000000
000021 00001050 [sys] 0110 0=00000005 1=FFFFFFFD 2=80000001 3=FFFFFFFC
	4=00000000  5=00000000  6=00000000  7=00000000  8=00000000 9=00000000
	10=00000000 11=00000000 12=00000000 13=00007000 14=00000000
000022 00001054 [sys] 0110 0=00000005 1=FFFFFFFD 2=80000001 3=FFFFFFFC
	4=00000000  5=00000000  6=00000000  7=00000000  8=00000000 9=00000000
	10=00000000 11=00000000 12=00000000 13=00007000 14=00000000
