000001 00001130 [sys] 0000 0=00000000 1=00000000 2=00000000 3=00000000
	4=00000000  5=00000000  6=00000000  7=00000000  8=00000000 9=00000000
	10=00000000 11=00000000 12=00000000 13=00006FF8 14=00000000
000002 00001134 [sys] 0000 0=00000000 1=00000000 2=00000000 3=00000000
	4=00000000  5=00000000  6=00000000  7=00000000  8=00000000 9=00000000
	10=00000000 11=00006FFC 12=00000000 13=00006FF8 14=00000000
000003 00001138 [sys] 0000 0=00000000 1=00000000 2=00000000 3=00000000
	4=00000000  5=00000000  6=00000000  7=00000000  8=00000000 9=00000000
	10=00000000 11=00006FFC 12=00000000 13=00006FE8 14=00000000
000004 0000113C [sys] 0000 0=00000000 1=00000000 2=00000000 3=00000032
	4=00000000  5=00000000  6=00000000  7=00000000  8=00000000 9=00000000
	10=00000000 11=00006FFC 12=00000000 13=00006FE8 14=00000000
000005 00001140 [sys] 0000 0=00000000 1=00000000 2=00000000 3=00000032
	4=00000000  5=00000000  6=00000000  7=00000000  8=00000000 9=00000000
	10=00000000 11=00006FFC 12=00000000 13=00006FE8 14=00000000
000006 00001144 [sys] 0000 0=00000000 1=00000000 2=00000000 3=0000003C
	4=00000000  5=00000000  6=00000000  7=00000000  8=00000000 9=00000000
	10=00000000 11=00006FFC 12=00000000 13=00006FE8 14=00000000
000007 00001148 [sys] 0000 0=00000000 1=00000000 2=00000000 3=0000003C
	4=00000000  5=00000000  6=00000000  7=00000000  8=00000000 9=00000000
	10=00000000 11=00006FFC 12=00000000 13=00006FE8 14=00000000
000008 0000114C [sys] 0000 0=0000000A 1=00000000 2=00000000 3=0000003C
	4=00000000  5=00000000  6=00000000  7=00000000  8=00000000 9=00000000
	10=00000000 11=00006FFC 12=00000000 13=00006FE8 14=00000000
000009 00001150 [sys] 0000 0=0000000A 1=00000014 2=00000000 3=0000003C
	4=00000000  5=00000000  6=00000000  7=00000000  8=00000000 9=00000000
	10=00000000 11=00006FFC 12=00000000 13=00006FE8 14=00000000
000010 00001154 [sys] 0000 0=0000000A 1=00000014 2=0000001E 3=0000003C
	4=00000000  5=00000000  6=00000000  7=00000000  8=00000000 9=00000000
	10=00000000 11=00006FFC 12=00000000 13=00006FE8 14=00000000
000011 00001158 [sys] 0000 0=0000000A 1=00000014 2=0000001E 3=00000028
	4=00000000  5=00000000  6=00000000  7=00000000  8=00000000 9=00000000
	10=00000000 11=00006FFC 12=00000000 13=00006FE8 14=00000000
000012 0000115C [sys] 0000 0=0000000A 1=00000014 2=0000001E 3=00000028
	4=00000000  5=00000000  6=00000000  7=00000000  8=00000000 9=00000000
	10=00000000 11=00006FFC 12=00000000 13=00006FE8 14=00001160
000013 00001000 [sys] 0000 0=0000000A 1=00000014 2=0000001E 3=00000028
	4=00000000  5=00000000  6=00000000  7=00000000  8=00000000 9=00000000
	10=00000000 11=00006FFC 12=00000000 13=00006FE0 14=00001160
000014 00001004 [sys] 0000 0=0000000A 1=00000014 2=0000001E 3=00000028
	4=00000000  5=00000000  6=00000000  7=00000000  8=00000000 9=00000000
	10=00000000 11=00006FE4 12=00000000 13=00006FE0 14=00001160
000015 00001008 [sys] 0000 0=0000000A 1=00000014 2=0000001E 3=00000028
	4=00000000  5=00000000  6=00000000  7=00000000  8=00000000 9=00000000
	10=00000000 11=00006FE4 12=00000000 13=00006F98 14=00001160
000016 0000100C [sys] 0000 0=0000000A 1=00000014 2=0000001E 3=00000028
	4=00000000  5=00000000  6=00000000  7=00000000  8=00000000 9=00000000
	10=00000000 11=00006FE4 12=00000000 13=00006F98 14=00001160
000017 00001010 [sys] 0000 0=0000000A 1=00000014 2=0000001E 3=00000028
	4=00000000  5=00000000  6=00000000  7=00000000  8=00000000 9=00000000
	10=00000000 11=00006FE4 12=00000000 13=00006F98 14=00001160
000018 00001014 [sys] 0000 0=0000000A 1=00000014 2=0000001E 3=00000028
	4=00000000  5=00000000  6=00000000  7=00000000  8=00000000 9=00000000
	10=00000000 11=00006FE4 12=00000000 13=00006F98 14=00001160
000019 00001018 [sys] 0000 0=0000000A 1=00000014 2=0000001E 3=00000028
	4=00000000  5=00000000  6=00000000  7=00000000  8=00000000 9=00000000
	10=00000000 11=00006FE4 12=00000000 13=00006F98 14=00001160
000020 0000101C [sys] 0000 0=0000000A 1=00000014 2=0000001E 3=00000001
	4=00000000  5=00000000  6=00000000  7=00000000  8=00000000 9=00000000
	10=00000000 11=00006FE4 12=00000000 13=00006F98 14=00001160
000021 00001020 [sys] 0000 0=0000000A 1=00000014 2=0000001E 3=00000001
	4=00000000  5=00000000  6=00000000  7=00000000  8=00000000 9=00000000
	10=00000000 11=00006FE4 12=00000000 13=00006F98 14=00001160
000022 00001024 [sys] 0000 0=0000000A 1=00000014 2=0000001E 3=00000002
	4=00000000  5=00000000  6=00000000  7=00000000  8=00000000 9=00000000
	10=00000000 11=00006FE4 12=00000000 13=00006F98 14=00001160
000023 00001028 [sys] 0000 0=0000000A 1=00000014 2=0000001E 3=00000002
	4=00000000  5=00000000  6=00000000  7=00000000  8=00000000 9=00000000
	10=00000000 11=00006FE4 12=00000000 13=00006F98 14=00001160
000024 0000102C [sys] 0000 0=0000000A 1=00000014 2=0000001E 3=00000003
	4=00000000  5=00000000  6=00000000  7=00000000  8=00000000 9=00000000
	10=00000000 11=00006FE4 12=00000000 13=00006F98 14=00001160
000025 00001030 [sys] 0000 0=0000000A 1=00000014 2=0000001E 3=00000003
	4=00000000  5=00000000  6=00000000  7=00000000  8=00000000 9=00000000
	10=00000000 11=00006FE4 12=00000000 13=00006F98 14=00001160
000026 00001034 [sys] 0000 0=0000000A 1=00000014 2=0000001E 3=00000004
	4=00000000  5=00000000  6=00000000  7=00000000  8=00000000 9=00000000
	10=00000000 11=00006FE4 12=00000000 13=00006F98 14=00001160
000027 00001038 [sys] 0000 0=0000000A 1=00000014 2=0000001E 3=00000004
	4=00000000  5=00000000  6=00000000  7=00000000  8=00000000 9=00000000
	10=00000000 11=00006FE4 12=00000000 13=00006F98 14=00001160
000028 0000103C [sys] 0000 0=0000000A 1=00000014 2=0000001E 3=00000005
	4=00000000  5=00000000  6=00000000  7=00000000  8=00000000 9=00000000
	10=00000000 11=00006FE4 12=00000000 13=00006F98 14=00001160
000029 00001040 [sys] 0000 0=0000000A 1=00000014 2=0000001E 3=00000005
	4=00000000  5=00000000  6=00000000  7=00000000  8=00000000 9=00000000
	10=00000000 11=00006FE4 12=00000000 13=00006F98 14=00001160
000030 00001044 [sys] 0000 0=0000000A 1=00000014 2=0000001E 3=00000006
	4=00000000  5=00000000  6=00000000  7=00000000  8=00000000 9=00000000
	10=00000000 11=00006FE4 12=00000000 13=00006F98 14=00001160
000031 00001048 [sys] 0000 0=0000000A 1=00000014 2=0000001E 3=00000006
	4=00000000  5=00000000  6=00000000  7=00000000  8=00000000 9=00000000
	10=00000000 11=00006FE4 12=00000000 13=00006F98 14=00001160
000032 0000104C [sys] 0000 0=0000000A 1=00000014 2=0000001E 3=00000007
	4=00000000  5=00000000  6=00000000  7=00000000  8=00000000 9=00000000
	10=00000000 11=00006FE4 12=00000000 13=00006F98 14=00001160
000033 00001050 [sys] 0000 0=0000000A 1=00000014 2=0000001E 3=00000007
	4=00000000  5=00000000  6=00000000  7=00000000  8=00000000 9=00000000
	10=00000000 11=00006FE4 12=00000000 13=00006F98 14=00001160
000034 00001054 [sys] 0000 0=0000000A 1=00000014 2=0000001E 3=00000008
	4=00000000  5=00000000  6=00000000  7=00000000  8=00000000 9=00000000
	10=00000000 11=00006FE4 12=00000000 13=00006F98 14=00001160
000035 00001058 [sys] 0000 0=0000000A 1=00000014 2=0000001E 3=00000008
	4=00000000  5=00000000  6=00000000  7=00000000  8=00000000 9=00000000
	10=00000000 11=00006FE4 12=00000000 13=00006F98 14=00001160
000036 0000105C [sys] 0000 0=0000000A 1=00000014 2=0000001E 3=00000009
	4=00000000  5=00000000  6=00000000  7=00000000  8=00000000 9=00000000
	10=00000000 11=00006FE4 12=00000000 13=00006F98 14=00001160
000037 00001060 [sys] 0000 0=0000000A 1=00000014 2=0000001E 3=00000009
	4=00000000  5=00000000  6=00000000  7=00000000  8=00000000 9=00000000
	10=00000000 11=00006FE4 12=00000000 13=00006F98 14=00001160
000038 00001064 [sys] 0000 0=0000000A 1=00000014 2=0000001E 3=0000000A
	4=00000000  5=00000000  6=00000000  7=00000000  8=00000000 9=00000000
	10=00000000 11=00006FE4 12=00000000 13=00006F98 14=00001160
000039 00001068 [sys] 0000 0=0000000A 1=00000014 2=0000001E 3=0000000A
	4=00000000  5=00000000  6=00000000  7=00000000  8=00000000 9=00000000
	10=00000000 11=00006FE4 12=00000000 13=00006F98 14=00001160
000040 0000106C [sys] 0000 0=0000000A 1=00000014 2=0000001E 3=0000000B
	4=00000000  5=00000000  6=00000000  7=00000000  8=00000000 9=00000000
	10=00000000 11=00006FE4 12=00000000 13=00006F98 14=00001160
000041 00001070 [sys] 0000 0=0000000A 1=00000014 2=0000001E 3=0000000B
	4=00000000  5=00000000  6=00000000  7=00000000  8=00000000 9=00000000
	10=00000000 11=00006FE4 12=00000000 13=00006F98 14=00001160
000042 00001074 [sys] 0000 0=0000000A 1=00000014 2=0000001E 3=0000000C
	4=00000000  5=00000000  6=00000000  7=00000000  8=00000000 9=00000000
	10=00000000 11=00006FE4 12=00000000 13=00006F98 14=00001160
000043 00001078 [sys] 0000 0=0000000A 1=00000014 2=0000001E 3=0000000C
	4=00000000  5=00000000  6=00000000  7=00000000  8=00000000 9=00000000
	10=00000000 11=00006FE4 12=00000000 13=00006F98 14=00001160
000044 0000107C [sys] 0000 0=0000000A 1=00000014 2=0000001E 3=0000000D
	4=00000000  5=00000000  6=00000000  7=00000000  8=00000000 9=00000000
	10=00000000 11=00006FE4 12=00000000 13=00006F98 14=00001160
000045 00001080 [sys] 0000 0=0000000A 1=00000014 2=0000001E 3=0000000D
	4=00000000  5=00000000  6=00000000  7=00000000  8=00000000 9=00000000
	10=00000000 11=00006FE4 12=00000000 13=00006F98 14=00001160
000046 00001084 [sys] 0000 0=0000000A 1=00000014 2=00000001 3=0000000D
	4=00000000  5=00000000  6=00000000  7=00000000  8=00000000 9=00000000
	10=00000000 11=00006FE4 12=00000000 13=00006F98 14=00001160
000047 00001088 [sys] 0000 0=0000000A 1=00000014 2=00000001 3=00000002
	4=00000000  5=00000000  6=00000000  7=00000000  8=00000000 9=00000000
	10=00000000 11=00006FE4 12=00000000 13=00006F98 14=00001160
000048 0000108C [sys] 0000 0=0000000A 1=00000014 2=00000003 3=00000002
	4=00000000  5=00000000  6=00000000  7=00000000  8=00000000 9=00000000
	10=00000000 11=00006FE4 12=00000000 13=00006F98 14=00001160
000049 00001090 [sys] 0000 0=0000000A 1=00000014 2=00000003 3=00000003
	4=00000000  5=00000000  6=00000000  7=00000000  8=00000000 9=00000000
	10=00000000 11=00006FE4 12=00000000 13=00006F98 14=00001160
000050 00001094 [sys] 0000 0=0000000A 1=00000014 2=00000006 3=00000003
	4=00000000  5=00000000  6=00000000  7=00000000  8=00000000 9=00000000
	10=00000000 11=00006FE4 12=00000000 13=00006F98 14=00001160
000051 00001098 [sys] 0000 0=0000000A 1=00000014 2=00000006 3=00000004
	4=00000000  5=00000000  6=00000000  7=00000000  8=00000000 9=00000000
	10=00000000 11=00006FE4 12=00000000 13=00006F98 14=00001160
000052 0000109C [sys] 0000 0=0000000A 1=00000014 2=0000000A 3=00000004
	4=00000000  5=00000000  6=00000000  7=00000000  8=00000000 9=00000000
	10=00000000 11=00006FE4 12=00000000 13=00006F98 14=00001160
000053 000010A0 [sys] 0000 0=0000000A 1=00000014 2=0000000A 3=00000005
	4=00000000  5=00000000  6=00000000  7=00000000  8=00000000 9=00000000
	10=00000000 11=00006FE4 12=00000000 13=00006F98 14=00001160
000054 000010A4 [sys] 0000 0=0000000A 1=00000014 2=0000000F 3=00000005
	4=00000000  5=00000000  6=00000000  7=00000000  8=00000000 9=00000000
	10=00000000 11=00006FE4 12=00000000 13=00006F98 14=00001160
000055 000010A8 [sys] 0000 0=0000000A 1=00000014 2=0000000F 3=00000006
	4=00000000  5=00000000  6=00000000  7=00000000  8=00000000 9=00000000
	10=00000000 11=00006FE4 12=00000000 13=00006F98 14=00001160
000056 000010AC [sys] 0000 0=0000000A 1=00000014 2=00000015 3=00000006
	4=00000000  5=00000000  6=00000000  7=00000000  8=00000000 9=00000000
	10=00000000 11=00006FE4 12=00000000 13=00006F98 14=00001160
000057 000010B0 [sys] 0000 0=0000000A 1=00000014 2=00000015 3=00000007
	4=00000000  5=00000000  6=00000000  7=00000000  8=00000000 9=00000000
	10=00000000 11=00006FE4 12=00000000 13=00006F98 14=00001160
000058 000010B4 [sys] 0000 0=0000000A 1=00000014 2=0000001C 3=00000007
	4=00000000  5=00000000  6=00000000  7=00000000  8=00000000 9=00000000
	10=00000000 11=00006FE4 12=00000000 13=00006F98 14=00001160
000059 000010B8 [sys] 0000 0=0000000A 1=00000014 2=0000001C 3=00000008
	4=00000000  5=00000000  6=00000000  7=00000000  8=00000000 9=00000000
	10=00000000 11=00006FE4 12=00000000 13=00006F98 14=00001160
000060 000010BC [sys] 0000 0=0000000A 1=00000014 2=00000024 3=00000008
	4=00000000  5=00000000  6=00000000  7=00000000  8=00000000 9=00000000
	10=00000000 11=00006FE4 12=00000000 13=00006F98 14=00001160
000061 000010C0 [sys] 0000 0=0000000A 1=00000014 2=00000024 3=00000009
	4=00000000  5=00000000  6=00000000  7=00000000  8=00000000 9=00000000
	10=00000000 11=00006FE4 12=00000000 13=00006F98 14=00001160
000062 000010C4 [sys] 0000 0=0000000A 1=00000014 2=0000002D 3=00000009
	4=00000000  5=00000000  6=00000000  7=00000000  8=00000000 9=00000000
	10=00000000 11=00006FE4 12=00000000 13=00006F98 14=00001160
000063 000010C8 [sys] 0000 0=0000000A 1=00000014 2=0000002D 3=0000000A
	4=00000000  5=00000000  6=00000000  7=00000000  8=00000000 9=00000000
	10=00000000 11=00006FE4 12=00000000 13=00006F98 14=00001160
000064 000010CC [sys] 0000 0=0000000A 1=00000014 2=00000037 3=0000000A
	4=00000000  5=00000000  6=00000000  7=00000000  8=00000000 9=00000000
	10=00000000 11=00006FE4 12=00000000 13=00006F98 14=00001160
000065 000010D0 [sys] 0000 0=0000000A 1=00000014 2=00000037 3=0000000B
	4=00000000  5=00000000  6=00000000  7=00000000  8=00000000 9=00000000
	10=00000000 11=00006FE4 12=00000000 13=00006F98 14=00001160
000066 000010D4 [sys] 0000 0=0000000A 1=00000014 2=00000042 3=0000000B
	4=00000000  5=00000000  6=00000000  7=00000000  8=00000000 9=00000000
	10=00000000 11=00006FE4 12=00000000 13=00006F98 14=00001160
000067 000010D8 [sys] 0000 0=0000000A 1=00000014 2=00000042 3=0000000C
	4=00000000  5=00000000  6=00000000  7=00000000  8=00000000 9=00000000
	10=00000000 11=00006FE4 12=00000000 13=00006F98 14=00001160
000068 000010DC [sys] 0000 0=0000000A 1=00000014 2=0000004E 3=0000000C
	4=00000000  5=00000000  6=00000000  7=00000000  8=00000000 9=00000000
	10=00000000 11=00006FE4 12=00000000 13=00006F98 14=00001160
000069 000010E0 [sys] 0000 0=0000000A 1=00000014 2=0000004E 3=0000000D
	4=00000000  5=00000000  6=00000000  7=00000000  8=00000000 9=00000000
	10=00000000 11=00006FE4 12=00000000 13=00006F98 14=00001160
000070 000010E4 [sys] 0000 0=0000000A 1=00000014 2=0000005B 3=0000000D
	4=00000000  5=00000000  6=00000000  7=00000000  8=00000000 9=00000000
	10=00000000 11=00006FE4 12=00000000 13=00006F98 14=00001160
000071 000010E8 [sys] 0000 0=0000000A 1=00000014 2=0000005B 3=00000028
	4=00000000  5=00000000  6=00000000  7=00000000  8=00000000 9=00000000
	10=00000000 11=00006FE4 12=00000000 13=00006F98 14=00001160
000072 000010EC [sys] 0000 0=0000000A 1=00000014 2=00000083 3=00000028
	4=00000000  5=00000000  6=00000000  7=00000000  8=00000000 9=00000000
	10=00000000 11=00006FE4 12=00000000 13=00006F98 14=00001160
000073 000010F0 [sys] 0000 0=0000000A 1=00000014 2=00000083 3=00000032
	4=00000000  5=00000000  6=00000000  7=00000000  8=00000000 9=00000000
	10=00000000 11=00006FE4 12=00000000 13=00006F98 14=00001160
000074 000010F4 [sys] 0000 0=0000000A 1=00000014 2=000000B5 3=00000032
	4=00000000  5=00000000  6=00000000  7=00000000  8=00000000 9=00000000
	10=00000000 11=00006FE4 12=00000000 13=00006F98 14=00001160
000075 000010F8 [sys] 0000 0=0000000A 1=00000014 2=000000B5 3=0000003C
	4=00000000  5=00000000  6=00000000  7=00000000  8=00000000 9=00000000
	10=00000000 11=00006FE4 12=00000000 13=00006F98 14=00001160
000076 000010FC [sys] 0000 0=0000000A 1=00000014 2=000000F1 3=0000003C
	4=00000000  5=00000000  6=00000000  7=00000000  8=00000000 9=00000000
	10=00000000 11=00006FE4 12=00000000 13=00006F98 14=00001160
000077 00001100 [sys] 0000 0=0000000A 1=00000014 2=000000F1 3=0000001E
	4=00000000  5=00000000  6=00000000  7=00000000  8=00000000 9=00000000
	10=00000000 11=00006FE4 12=00000000 13=00006F98 14=00001160
000078 00001104 [sys] 0000 0=0000000A 1=00000014 2=0000010F 3=0000001E
	4=00000000  5=00000000  6=00000000  7=00000000  8=00000000 9=00000000
	10=00000000 11=00006FE4 12=00000000 13=00006F98 14=00001160
000079 00001108 [sys] 0000 0=0000000A 1=00000014 2=0000010F 3=00000014
	4=00000000  5=00000000  6=00000000  7=00000000  8=00000000 9=00000000
	10=00000000 11=00006FE4 12=00000000 13=00006F98 14=00001160
000080 0000110C [sys] 0000 0=0000000A 1=00000014 2=00000123 3=00000014
	4=00000000  5=00000000  6=00000000  7=00000000  8=00000000 9=00000000
	10=00000000 11=00006FE4 12=00000000 13=00006F98 14=00001160
000081 00001110 [sys] 0000 0=0000000A 1=00000014 2=00000123 3=0000000A
	4=00000000  5=00000000  6=00000000  7=00000000  8=00000000 9=00000000
	10=00000000 11=00006FE4 12=00000000 13=00006F98 14=00001160
000082 00001114 [sys] 0000 0=0000000A 1=00000014 2=00000123 3=0000012D
	4=00000000  5=00000000  6=00000000  7=00000000  8=00000000 9=00000000
	10=00000000 11=00006FE4 12=00000000 13=00006F98 14=00001160
000083 00001118 [sys] 0000 0=0000000A 1=00000014 2=00000123 3=0000012D
	4=00000000  5=00000000  6=00000000  7=00000000  8=00000000 9=00000000
	10=00000000 11=00006FE4 12=00000000 13=00006F98 14=00001160
000084 0000111C [sys] 0000 0=0000000A 1=00000014 2=00000123 3=0000012D
	4=00000000  5=00000000  6=00000000  7=00000000  8=00000000 9=00000000
	10=00000000 11=00006FE4 12=00000000 13=00006F98 14=00001160
000085 00001120 [sys] 0000 0=0000012D 1=00000014 2=00000123 3=0000012D
	4=00000000  5=00000000  6=00000000  7=00000000  8=00000000 9=00000000
	10=00000000 11=00006FE4 12=00000000 13=00006F98 14=00001160
000086 00001124 [sys] 0000 0=0000012D 1=00000014 2=00000123 3=0000012D
	4=00000000  5=00000000  6=00000000  7=00000000  8=00000000 9=00000000
	10=00000000 11=00006FE4 12=00000000 13=00006FE0 14=00001160
000087 00001128 [sys] 0000 0=0000012D 1=00000014 2=00000123 3=0000012D
	4=00000000  5=00000000  6=00000000  7=00000000  8=00000000 9=00000000
	10=00000000 11=00006FFC 12=00000000 13=00006FE8 14=00001160
000088 0000112C [sys] 0000 0=0000012D 1=00000014 2=00000123 3=0000012D
	4=00000000  5=00000000  6=00000000  7=00000000  8=00000000 9=00000000
	10=00000000 11=00006FFC 12=00000000 13=00006FE8 14=00001160
000089 00001160 [sys] 0000 0=0000012D 1=00000014 2=00000123 3=0000012D
	4=00000000  5=00000000  6=00000000  7=00000000  8=00000000 9=00000000
	10=00000000 11=00006FFC 12=00000000 13=00006FE8 14=00001160
000090 00001164 [sys] 0000 0=0000012D 1=00000014 2=00000123 3=0000012D
	4=00000000  5=00000000  6=00000000  7=00000000  8=00000000 9=00000000
	10=00000000 11=00006FFC 12=00000000 13=00006FE8 14=00001160
